<?xml version="1.0" encoding="UTF-8"?>
<!-- Generated by org.testng.reporters.JUnitReportReporter -->
<testsuite hostname="Tech-VipulJain" name="com.hk.orderPlacement.ExistingCodPlacement" tests="1" failures="0" timestamp="11 Mar 2015 10:42:46 GMT" time="243.440" errors="0">
  <testcase name="login" time="243.440" classname="com.hk.orderPlacement.ExistingCodPlacement"/>
</testsuite> <!-- com.hk.orderPlacement.ExistingCodPlacement -->
