<?xml version="1.0" encoding="UTF-8"?>
<!-- Generated by org.testng.reporters.JUnitReportReporter -->
<testsuite hostname="Tech-VipulJain" name="com.hk.orderPlacement.SignupCodOrder" tests="1" failures="0" timestamp="12 Sep 2014 06:26:22 GMT" time="86.027" errors="0">
  <testcase name="login" time="86.027" classname="com.hk.orderPlacement.SignupCodOrder"/>
</testsuite> <!-- com.hk.orderPlacement.SignupCodOrder -->
