<?xml version="1.0" encoding="UTF-8"?>
<!-- Generated by org.testng.reporters.JUnitReportReporter -->
<testsuite hostname="TECH-SAURABH" name="com.hk.orderPlacement.SignupCodOrder" tests="1" failures="1" timestamp="9 Oct 2014 09:27:37 GMT" time="0.000" errors="0">
  <testcase name="login" time="0.000" classname="com.hk.orderPlacement.SignupCodOrder"/>
</testsuite> <!-- com.hk.orderPlacement.SignupCodOrder -->
