<?xml version="1.0" encoding="UTF-8"?>
<!-- Generated by org.testng.reporters.JUnitReportReporter -->
<testsuite hostname="BLC-TECH-L123" name="com.hk.orderPlacement.ExistingCodPlacement" tests="1" failures="0" timestamp="23 Jul 2014 14:13:46 GMT" time="130.682" errors="0">
  <testcase name="login" time="130.682" classname="com.hk.orderPlacement.ExistingCodPlacement"/>
</testsuite> <!-- com.hk.orderPlacement.ExistingCodPlacement -->
