<?xml version="1.0" encoding="UTF-8"?>
<!-- Generated by org.testng.reporters.JUnitReportReporter -->
<testsuite hostname="TECH-VIKASDHULL" name="com.hk.orderPlacement.ExistingCodPlacement" tests="1" failures="1" timestamp="14 Oct 2015 10:03:35 GMT" time="0.000" errors="0">
  <testcase name="login" time="0.000" classname="com.hk.orderPlacement.ExistingCodPlacement"/>
</testsuite> <!-- com.hk.orderPlacement.ExistingCodPlacement -->
