<?xml version="1.0" encoding="UTF-8"?>
<!-- Generated by org.testng.reporters.JUnitReportReporter -->
<testsuite hostname="TECH-VIKASDHULL" name="com.hk.orderPlacement.SignupCodOrder" tests="1" failures="1" timestamp="18 Sep 2015 09:41:52 GMT" time="0.001" errors="0">
  <testcase name="login" time="0.001" classname="com.hk.orderPlacement.SignupCodOrder"/>
</testsuite> <!-- com.hk.orderPlacement.SignupCodOrder -->
