<?xml version="1.0" encoding="UTF-8"?>
<!-- Generated by org.testng.reporters.JUnitReportReporter -->
<testsuite hostname="Tech-VipulJain" name="com.hk.orderPlacement.ExistingCodPlacement" tests="1" failures="0" timestamp="12 Mar 2015 06:45:53 GMT" time="229.294" errors="0">
  <testcase name="login" time="229.294" classname="com.hk.orderPlacement.ExistingCodPlacement"/>
</testsuite> <!-- com.hk.orderPlacement.ExistingCodPlacement -->
