<?xml version="1.0" encoding="UTF-8"?>
<!-- Generated by org.testng.reporters.JUnitReportReporter -->
<testsuite hostname="Tech-VipulJain" name="com.hk.orderPlacement.ExistingCodPlacement" tests="1" failures="0" timestamp="3 Dec 2014 06:41:26 GMT" time="414.171" errors="0">
  <testcase name="login" time="414.171" classname="com.hk.orderPlacement.ExistingCodPlacement"/>
</testsuite> <!-- com.hk.orderPlacement.ExistingCodPlacement -->
