<?xml version="1.0" encoding="UTF-8"?>
<!-- Generated by org.testng.reporters.JUnitReportReporter -->
<testsuite hostname="Tech-VipulJain" name="com.hk.orderPlacement.SignupCodOrder" tests="1" failures="1" timestamp="25 Sep 2014 06:46:39 GMT" time="0.001" errors="0">
  <testcase name="login" time="0.001" classname="com.hk.orderPlacement.SignupCodOrder"/>
</testsuite> <!-- com.hk.orderPlacement.SignupCodOrder -->
